<?xml version="1.0" encoding="UTF-8"?>
<testsuite name="com.nova.novademo.service.BaseServiceImpTest" tests="1" skipped="0" failures="0" errors="0" timestamp="2022-07-07T09:51:19" hostname="DESKTOP-NHBO1EN" time="0.699">
  <properties/>
  <testcase name="page()" classname="com.nova.novademo.service.BaseServiceImpTest" time="0.699"/>
  <system-out><![CDATA[17:51:16.230 [Test worker] DEBUG org.springframework.test.context.BootstrapUtils - Instantiating CacheAwareContextLoaderDelegate from class [org.springframework.test.context.cache.DefaultCacheAwareContextLoaderDelegate]
17:51:16.240 [Test worker] DEBUG org.springframework.test.context.BootstrapUtils - Instantiating BootstrapContext using constructor [public org.springframework.test.context.support.DefaultBootstrapContext(java.lang.Class,org.springframework.test.context.CacheAwareContextLoaderDelegate)]
17:51:16.268 [Test worker] DEBUG org.springframework.test.context.BootstrapUtils - Instantiating TestContextBootstrapper for test class [com.nova.novademo.service.BaseServiceImpTest] from class [org.springframework.boot.test.context.SpringBootTestContextBootstrapper]
17:51:16.279 [Test worker] INFO org.springframework.boot.test.context.SpringBootTestContextBootstrapper - Neither @ContextConfiguration nor @ContextHierarchy found for test class [com.nova.novademo.service.BaseServiceImpTest], using SpringBootContextLoader
17:51:16.282 [Test worker] DEBUG org.springframework.test.context.support.AbstractContextLoader - Did not detect default resource location for test class [com.nova.novademo.service.BaseServiceImpTest]: class path resource [com/nova/novademo/service/BaseServiceImpTest-context.xml] does not exist
17:51:16.283 [Test worker] DEBUG org.springframework.test.context.support.AbstractContextLoader - Did not detect default resource location for test class [com.nova.novademo.service.BaseServiceImpTest]: class path resource [com/nova/novademo/service/BaseServiceImpTestContext.groovy] does not exist
17:51:16.283 [Test worker] INFO org.springframework.test.context.support.AbstractContextLoader - Could not detect default resource locations for test class [com.nova.novademo.service.BaseServiceImpTest]: no resource found for suffixes {-context.xml, Context.groovy}.
17:51:16.283 [Test worker] INFO org.springframework.test.context.support.AnnotationConfigContextLoaderUtils - Could not detect default configuration classes for test class [com.nova.novademo.service.BaseServiceImpTest]: BaseServiceImpTest does not declare any static, non-private, non-final, nested classes annotated with @Configuration.
17:51:16.325 [Test worker] DEBUG org.springframework.test.context.support.ActiveProfilesUtils - Could not find an 'annotation declaring class' for annotation type [org.springframework.test.context.ActiveProfiles] and class [com.nova.novademo.service.BaseServiceImpTest]
17:51:16.381 [Test worker] DEBUG org.springframework.context.annotation.ClassPathScanningCandidateComponentProvider - Identified candidate component class: file [E:\java\NovaDemo\demo\build\classes\kotlin\main\com\nova\novademo\NovaDemoApplication.class]
17:51:16.382 [Test worker] INFO org.springframework.boot.test.context.SpringBootTestContextBootstrapper - Found @SpringBootConfiguration com.nova.novademo.NovaDemoApplication for test class com.nova.novademo.service.BaseServiceImpTest
17:51:16.468 [Test worker] DEBUG org.springframework.boot.test.context.SpringBootTestContextBootstrapper - @TestExecutionListeners is not present for class [com.nova.novademo.service.BaseServiceImpTest]: using defaults.
17:51:16.469 [Test worker] INFO org.springframework.boot.test.context.SpringBootTestContextBootstrapper - Loaded default TestExecutionListener class names from location [META-INF/spring.factories]: [org.springframework.boot.test.autoconfigure.restdocs.RestDocsTestExecutionListener, org.springframework.boot.test.autoconfigure.web.client.MockRestServiceServerResetTestExecutionListener, org.springframework.boot.test.autoconfigure.web.servlet.MockMvcPrintOnlyOnFailureTestExecutionListener, org.springframework.boot.test.autoconfigure.web.servlet.WebDriverTestExecutionListener, org.springframework.boot.test.autoconfigure.webservices.client.MockWebServiceServerTestExecutionListener, org.springframework.boot.test.mock.mockito.MockitoTestExecutionListener, org.springframework.boot.test.mock.mockito.ResetMocksTestExecutionListener, org.springframework.test.context.web.ServletTestExecutionListener, org.springframework.test.context.support.DirtiesContextBeforeModesTestExecutionListener, org.springframework.test.context.event.ApplicationEventsTestExecutionListener, org.springframework.test.context.support.DependencyInjectionTestExecutionListener, org.springframework.test.context.support.DirtiesContextTestExecutionListener, org.springframework.test.context.transaction.TransactionalTestExecutionListener, org.springframework.test.context.jdbc.SqlScriptsTestExecutionListener, org.springframework.test.context.event.EventPublishingTestExecutionListener]
17:51:16.486 [Test worker] INFO org.springframework.boot.test.context.SpringBootTestContextBootstrapper - Using TestExecutionListeners: [org.springframework.test.context.web.ServletTestExecutionListener@10d55975, org.springframework.test.context.support.DirtiesContextBeforeModesTestExecutionListener@73a70400, org.springframework.test.context.event.ApplicationEventsTestExecutionListener@5a0c121c, org.springframework.boot.test.mock.mockito.MockitoTestExecutionListener@18635a93, org.springframework.boot.test.autoconfigure.SpringBootDependencyInjectionTestExecutionListener@2247b61b, org.springframework.test.context.support.DirtiesContextTestExecutionListener@698b3157, org.springframework.test.context.transaction.TransactionalTestExecutionListener@532d5288, org.springframework.test.context.jdbc.SqlScriptsTestExecutionListener@51982dbc, org.springframework.test.context.event.EventPublishingTestExecutionListener@4e70befa, org.springframework.boot.test.autoconfigure.restdocs.RestDocsTestExecutionListener@7e413fea, org.springframework.boot.test.autoconfigure.web.client.MockRestServiceServerResetTestExecutionListener@47c19bb8, org.springframework.boot.test.autoconfigure.web.servlet.MockMvcPrintOnlyOnFailureTestExecutionListener@57a4ab31, org.springframework.boot.test.autoconfigure.web.servlet.WebDriverTestExecutionListener@1ce85851, org.springframework.boot.test.autoconfigure.webservices.client.MockWebServiceServerTestExecutionListener@6b218a49, org.springframework.boot.test.mock.mockito.ResetMocksTestExecutionListener@2076c0ce]
17:51:16.489 [Test worker] DEBUG org.springframework.test.context.support.AbstractDirtiesContextTestExecutionListener - Before test class: context [DefaultTestContext@216d0d70 testClass = BaseServiceImpTest, testInstance = [null], testMethod = [null], testException = [null], mergedContextConfiguration = [WebMergedContextConfiguration@3ba06b49 testClass = BaseServiceImpTest, locations = '{}', classes = '{class com.nova.novademo.NovaDemoApplication}', contextInitializerClasses = '[]', activeProfiles = '{}', propertySourceLocations = '{}', propertySourceProperties = '{org.springframework.boot.test.context.SpringBootTestContextBootstrapper=true}', contextCustomizers = set[org.springframework.boot.test.autoconfigure.actuate.metrics.MetricsExportContextCustomizerFactory$DisableMetricExportContextCustomizer@4c7f61ce, org.springframework.boot.test.autoconfigure.properties.PropertyMappingContextCustomizer@0, org.springframework.boot.test.autoconfigure.web.servlet.WebDriverContextCustomizerFactory$Customizer@7eac0278, org.springframework.boot.test.context.filter.ExcludeFilterContextCustomizer@7db5552, org.springframework.boot.test.json.DuplicateJsonObjectContextCustomizerFactory$DuplicateJsonObjectContextCustomizer@50aacaff, org.springframework.boot.test.mock.mockito.MockitoContextCustomizer@0, org.springframework.boot.test.web.client.TestRestTemplateContextCustomizer@16d47f0a, org.springframework.boot.test.context.SpringBootTestArgs@1, org.springframework.boot.test.context.SpringBootTestWebEnvironment@43bc5aa0], resourceBasePath = 'src/main/webapp', contextLoader = 'org.springframework.boot.test.context.SpringBootContextLoader', parent = [null]], attributes = map['org.springframework.test.context.web.ServletTestExecutionListener.activateListener' -> true]], class annotated with @DirtiesContext [false] with mode [null].

  .   ____          _            __ _ _
 /\\ / ___'_ __ _ _(_)_ __  __ _ \ \ \ \
( ( )\___ | '_ | '_| | '_ \/ _` | \ \ \ \
 \\/  ___)| |_)| | | | | || (_| |  ) ) ) )
  '  |____| .__|_| |_|_| |_\__, | / / / /
 =========|_|==============|___/=/_/_/_/
 :: Spring Boot ::                (v2.7.1)

2022-07-07 17:51:16.786  INFO 3288 --- [    Test worker] c.n.novademo.service.BaseServiceImpTest  : Starting BaseServiceImpTest using Java 1.8.0_152 on DESKTOP-NHBO1EN with PID 3288 (started by lzy in E:\java\NovaDemo\demo)
2022-07-07 17:51:16.787  INFO 3288 --- [    Test worker] c.n.novademo.service.BaseServiceImpTest  : No active profile set, falling back to 1 default profile: "default"
2022-07-07 17:51:17.603  INFO 3288 --- [    Test worker] com.zaxxer.hikari.HikariDataSource       : HikariPool-1 - Starting...
2022-07-07 17:51:17.608  WARN 3288 --- [    Test worker] com.zaxxer.hikari.util.DriverDataSource  : Registered driver with driverClassName=com.mysql.jdbc.Driver was not found, trying direct instantiation.
2022-07-07 17:51:17.758  INFO 3288 --- [    Test worker] com.zaxxer.hikari.HikariDataSource       : HikariPool-1 - Start completed.
2022-07-07 17:51:19.103  INFO 3288 --- [    Test worker] c.n.novademo.service.BaseServiceImpTest  : Started BaseServiceImpTest in 2.585 seconds (JVM running for 3.862)
2022-07-07 17:51:19.618  INFO 3288 --- [    Test worker] org.jooq.Constants                       : 
                                      
@@@@@@@@@@@@@@@@@@@@@@@@@@@@@@@@@@@@@@
@@@@@@@@@@@@@@@@@@@@@@@@@@@@@@@@@@@@@@
@@@@@@@@@@@@@@@@  @@        @@@@@@@@@@
@@@@@@@@@@@@@@@@@@@@        @@@@@@@@@@
@@@@@@@@@@@@@@@@  @@  @@    @@@@@@@@@@
@@@@@@@@@@  @@@@  @@  @@    @@@@@@@@@@
@@@@@@@@@@        @@        @@@@@@@@@@
@@@@@@@@@@@@@@@@@@@@@@@@@@@@@@@@@@@@@@
@@@@@@@@@@@@@@@@@@@@@@@@@@@@@@@@@@@@@@
@@@@@@@@@@        @@        @@@@@@@@@@
@@@@@@@@@@    @@  @@  @@@@  @@@@@@@@@@
@@@@@@@@@@    @@  @@  @@@@  @@@@@@@@@@
@@@@@@@@@@        @@  @  @  @@@@@@@@@@
@@@@@@@@@@        @@        @@@@@@@@@@
@@@@@@@@@@@@@@@@@@@@@@@  @@@@@@@@@@@@@
@@@@@@@@@@@@@@@@@@@@@@@@@@@@@@@@@@@@@@
@@@@@@@@@@@@@@@@@@@@@@@@@@@@@@@@@@@@@@  Thank you for using jOOQ 3.14.7
                                      
PageResult(data=[NovaUserPojo (5, Allen, Allen@163.com, 珠海, null, 2022-07-07T17:48:45, 0)], pageSize=1, currentPage=1, total=1)
]]></system-out>
  <system-err><![CDATA[Loading class `com.mysql.jdbc.Driver'. This is deprecated. The new driver class is `com.mysql.cj.jdbc.Driver'. The driver is automatically registered via the SPI and manual loading of the driver class is generally unnecessary.
]]></system-err>
</testsuite>
