<?xml version="1.0" encoding="UTF-8"?>
<testsuite name="com.nova.novademo.service.BaseServiceImpTest" tests="10" skipped="0" failures="0" errors="0" timestamp="2022-07-31T12:55:08" hostname="DESKTOP-NHBO1EN" time="1.085">
  <properties/>
  <testcase name="delete()" classname="com.nova.novademo.service.BaseServiceImpTest" time="0.981"/>
  <testcase name="listByIds()" classname="com.nova.novademo.service.BaseServiceImpTest" time="0.02"/>
  <testcase name="testSave()" classname="com.nova.novademo.service.BaseServiceImpTest" time="0.002"/>
  <testcase name="update()" classname="com.nova.novademo.service.BaseServiceImpTest" time="0.011"/>
  <testcase name="get()" classname="com.nova.novademo.service.BaseServiceImpTest" time="0.007"/>
  <testcase name="page()" classname="com.nova.novademo.service.BaseServiceImpTest" time="0.024"/>
  <testcase name="save()" classname="com.nova.novademo.service.BaseServiceImpTest" time="0.002"/>
  <testcase name="listAll()" classname="com.nova.novademo.service.BaseServiceImpTest" time="0.013"/>
  <testcase name="testDelete()" classname="com.nova.novademo.service.BaseServiceImpTest" time="0.015"/>
  <testcase name="testUpdate()" classname="com.nova.novademo.service.BaseServiceImpTest" time="0.002"/>
  <system-out><![CDATA[20:55:03.784 [Test worker] DEBUG org.springframework.test.context.BootstrapUtils - Instantiating CacheAwareContextLoaderDelegate from class [org.springframework.test.context.cache.DefaultCacheAwareContextLoaderDelegate]
20:55:03.797 [Test worker] DEBUG org.springframework.test.context.BootstrapUtils - Instantiating BootstrapContext using constructor [public org.springframework.test.context.support.DefaultBootstrapContext(java.lang.Class,org.springframework.test.context.CacheAwareContextLoaderDelegate)]
20:55:03.831 [Test worker] DEBUG org.springframework.test.context.BootstrapUtils - Instantiating TestContextBootstrapper for test class [com.nova.novademo.service.BaseServiceImpTest] from class [org.springframework.boot.test.context.SpringBootTestContextBootstrapper]
20:55:03.846 [Test worker] INFO org.springframework.boot.test.context.SpringBootTestContextBootstrapper - Neither @ContextConfiguration nor @ContextHierarchy found for test class [com.nova.novademo.service.BaseServiceImpTest], using SpringBootContextLoader
20:55:03.850 [Test worker] DEBUG org.springframework.test.context.support.AbstractContextLoader - Did not detect default resource location for test class [com.nova.novademo.service.BaseServiceImpTest]: class path resource [com/nova/novademo/service/BaseServiceImpTest-context.xml] does not exist
20:55:03.850 [Test worker] DEBUG org.springframework.test.context.support.AbstractContextLoader - Did not detect default resource location for test class [com.nova.novademo.service.BaseServiceImpTest]: class path resource [com/nova/novademo/service/BaseServiceImpTestContext.groovy] does not exist
20:55:03.851 [Test worker] INFO org.springframework.test.context.support.AbstractContextLoader - Could not detect default resource locations for test class [com.nova.novademo.service.BaseServiceImpTest]: no resource found for suffixes {-context.xml, Context.groovy}.
20:55:03.851 [Test worker] INFO org.springframework.test.context.support.AnnotationConfigContextLoaderUtils - Could not detect default configuration classes for test class [com.nova.novademo.service.BaseServiceImpTest]: BaseServiceImpTest does not declare any static, non-private, non-final, nested classes annotated with @Configuration.
20:55:03.905 [Test worker] DEBUG org.springframework.test.context.support.ActiveProfilesUtils - Could not find an 'annotation declaring class' for annotation type [org.springframework.test.context.ActiveProfiles] and class [com.nova.novademo.service.BaseServiceImpTest]
20:55:03.970 [Test worker] DEBUG org.springframework.context.annotation.ClassPathScanningCandidateComponentProvider - Identified candidate component class: file [E:\java\NovaDemo\demo\build\classes\kotlin\main\com\nova\novademo\NovaDemoApplication.class]
20:55:03.971 [Test worker] INFO org.springframework.boot.test.context.SpringBootTestContextBootstrapper - Found @SpringBootConfiguration com.nova.novademo.NovaDemoApplication for test class com.nova.novademo.service.BaseServiceImpTest
20:55:04.103 [Test worker] DEBUG org.springframework.boot.test.context.SpringBootTestContextBootstrapper - @TestExecutionListeners is not present for class [com.nova.novademo.service.BaseServiceImpTest]: using defaults.
20:55:04.103 [Test worker] INFO org.springframework.boot.test.context.SpringBootTestContextBootstrapper - Loaded default TestExecutionListener class names from location [META-INF/spring.factories]: [org.springframework.boot.test.autoconfigure.restdocs.RestDocsTestExecutionListener, org.springframework.boot.test.autoconfigure.web.client.MockRestServiceServerResetTestExecutionListener, org.springframework.boot.test.autoconfigure.web.servlet.MockMvcPrintOnlyOnFailureTestExecutionListener, org.springframework.boot.test.autoconfigure.web.servlet.WebDriverTestExecutionListener, org.springframework.boot.test.autoconfigure.webservices.client.MockWebServiceServerTestExecutionListener, org.springframework.boot.test.mock.mockito.MockitoTestExecutionListener, org.springframework.boot.test.mock.mockito.ResetMocksTestExecutionListener, org.springframework.test.context.web.ServletTestExecutionListener, org.springframework.test.context.support.DirtiesContextBeforeModesTestExecutionListener, org.springframework.test.context.event.ApplicationEventsTestExecutionListener, org.springframework.test.context.support.DependencyInjectionTestExecutionListener, org.springframework.test.context.support.DirtiesContextTestExecutionListener, org.springframework.test.context.transaction.TransactionalTestExecutionListener, org.springframework.test.context.jdbc.SqlScriptsTestExecutionListener, org.springframework.test.context.event.EventPublishingTestExecutionListener]
20:55:04.118 [Test worker] INFO org.springframework.boot.test.context.SpringBootTestContextBootstrapper - Using TestExecutionListeners: [org.springframework.test.context.web.ServletTestExecutionListener@5828d6f1, org.springframework.test.context.support.DirtiesContextBeforeModesTestExecutionListener@2c23c9f4, org.springframework.test.context.event.ApplicationEventsTestExecutionListener@74e891eb, org.springframework.boot.test.mock.mockito.MockitoTestExecutionListener@73c8fea6, org.springframework.boot.test.autoconfigure.SpringBootDependencyInjectionTestExecutionListener@6dc93170, org.springframework.test.context.support.DirtiesContextTestExecutionListener@5f972954, org.springframework.test.context.transaction.TransactionalTestExecutionListener@6f409c84, org.springframework.test.context.jdbc.SqlScriptsTestExecutionListener@5b496204, org.springframework.test.context.event.EventPublishingTestExecutionListener@7faf9aac, org.springframework.boot.test.autoconfigure.restdocs.RestDocsTestExecutionListener@1914d184, org.springframework.boot.test.autoconfigure.web.client.MockRestServiceServerResetTestExecutionListener@72dbda9e, org.springframework.boot.test.autoconfigure.web.servlet.MockMvcPrintOnlyOnFailureTestExecutionListener@6292df83, org.springframework.boot.test.autoconfigure.web.servlet.WebDriverTestExecutionListener@616b4387, org.springframework.boot.test.autoconfigure.webservices.client.MockWebServiceServerTestExecutionListener@5ecc26df, org.springframework.boot.test.mock.mockito.ResetMocksTestExecutionListener@72ef08b2]
20:55:04.122 [Test worker] DEBUG org.springframework.test.context.support.AbstractDirtiesContextTestExecutionListener - Before test class: context [DefaultTestContext@41a5848d testClass = BaseServiceImpTest, testInstance = [null], testMethod = [null], testException = [null], mergedContextConfiguration = [WebMergedContextConfiguration@67630b51 testClass = BaseServiceImpTest, locations = '{}', classes = '{class com.nova.novademo.NovaDemoApplication}', contextInitializerClasses = '[]', activeProfiles = '{}', propertySourceLocations = '{}', propertySourceProperties = '{org.springframework.boot.test.context.SpringBootTestContextBootstrapper=true}', contextCustomizers = set[org.springframework.boot.test.autoconfigure.actuate.metrics.MetricsExportContextCustomizerFactory$DisableMetricExportContextCustomizer@4157c178, org.springframework.boot.test.autoconfigure.properties.PropertyMappingContextCustomizer@0, org.springframework.boot.test.autoconfigure.web.servlet.WebDriverContextCustomizerFactory$Customizer@1143a1b6, org.springframework.boot.test.context.filter.ExcludeFilterContextCustomizer@3401ab8e, org.springframework.boot.test.json.DuplicateJsonObjectContextCustomizerFactory$DuplicateJsonObjectContextCustomizer@795e0d49, org.springframework.boot.test.mock.mockito.MockitoContextCustomizer@0, org.springframework.boot.test.web.client.TestRestTemplateContextCustomizer@237a2cfb, org.springframework.boot.test.context.SpringBootTestArgs@1, org.springframework.boot.test.context.SpringBootTestWebEnvironment@561403f0], resourceBasePath = 'src/main/webapp', contextLoader = 'org.springframework.boot.test.context.SpringBootContextLoader', parent = [null]], attributes = map['org.springframework.test.context.web.ServletTestExecutionListener.activateListener' -> true]], class annotated with @DirtiesContext [false] with mode [null].

  .   ____          _            __ _ _
 /\\ / ___'_ __ _ _(_)_ __  __ _ \ \ \ \
( ( )\___ | '_ | '_| | '_ \/ _` | \ \ \ \
 \\/  ___)| |_)| | | | | || (_| |  ) ) ) )
  '  |____| .__|_| |_|_| |_\__, | / / / /
 =========|_|==============|___/=/_/_/_/
 :: Spring Boot ::                (v2.7.1)

2022-07-31 20:55:04.531  INFO 14796 --- [    Test worker] c.n.novademo.service.BaseServiceImpTest  : Starting BaseServiceImpTest using Java 1.8.0_152 on DESKTOP-NHBO1EN with PID 14796 (started by lzy in E:\java\NovaDemo\demo)
2022-07-31 20:55:04.532  INFO 14796 --- [    Test worker] c.n.novademo.service.BaseServiceImpTest  : No active profile set, falling back to 1 default profile: "default"
2022-07-31 20:55:05.585  INFO 14796 --- [    Test worker] com.zaxxer.hikari.HikariDataSource       : HikariPool-1 - Starting...
2022-07-31 20:55:05.589  WARN 14796 --- [    Test worker] com.zaxxer.hikari.util.DriverDataSource  : Registered driver with driverClassName=com.mysql.jdbc.Driver was not found, trying direct instantiation.
2022-07-31 20:55:06.301  INFO 14796 --- [    Test worker] com.zaxxer.hikari.HikariDataSource       : HikariPool-1 - Start completed.
2022-07-31 20:55:08.171  INFO 14796 --- [    Test worker] c.n.novademo.service.BaseServiceImpTest  : Started BaseServiceImpTest in 4.017 seconds (JVM running for 5.496)
2022-07-31 20:55:08.992  INFO 14796 --- [    Test worker] org.jooq.Constants                       : 
                                      
@@@@@@@@@@@@@@@@@@@@@@@@@@@@@@@@@@@@@@
@@@@@@@@@@@@@@@@@@@@@@@@@@@@@@@@@@@@@@
@@@@@@@@@@@@@@@@  @@        @@@@@@@@@@
@@@@@@@@@@@@@@@@@@@@        @@@@@@@@@@
@@@@@@@@@@@@@@@@  @@  @@    @@@@@@@@@@
@@@@@@@@@@  @@@@  @@  @@    @@@@@@@@@@
@@@@@@@@@@        @@        @@@@@@@@@@
@@@@@@@@@@@@@@@@@@@@@@@@@@@@@@@@@@@@@@
@@@@@@@@@@@@@@@@@@@@@@@@@@@@@@@@@@@@@@
@@@@@@@@@@        @@        @@@@@@@@@@
@@@@@@@@@@    @@  @@  @@@@  @@@@@@@@@@
@@@@@@@@@@    @@  @@  @@@@  @@@@@@@@@@
@@@@@@@@@@        @@  @  @  @@@@@@@@@@
@@@@@@@@@@        @@        @@@@@@@@@@
@@@@@@@@@@@@@@@@@@@@@@@  @@@@@@@@@@@@@
@@@@@@@@@@@@@@@@@@@@@@@@@@@@@@@@@@@@@@
@@@@@@@@@@@@@@@@@@@@@@@@@@@@@@@@@@@@@@  Thank you for using jOOQ 3.14.7
                                      
[NovaUserPojo (1, 张三, zhansan@163.com, 北京S, 2019-12-28T00:41:42, 2022-07-10T05:30:09, 0), NovaUserPojo (2, 李四, lisi@gmail.com, 上海, 2019-12-28T00:41:42, 2019-12-28T00:41:42, 0)]
NovaUserPojo (1, 张三, zhansan@163.com, 北京S, 2019-12-28T00:41:42, 2022-07-10T05:30:09, 0)
PageResult(data=[NovaUserPojo (9, 成龙, chenglong@163.com, 澳门, 2022-07-07T18:39:57, 2022-07-07T18:44:19, 0)], pageSize=1, currentPage=1, total=8)
[NovaUserPojo (1, 张三, zhansan@163.com, 北京S, 2019-12-28T00:41:42, 2022-07-10T05:30:09, 0), NovaUserPojo (2, 李四, lisi@gmail.com, 上海, 2019-12-28T00:41:42, 2019-12-28T00:41:42, 0), NovaUserPojo (3, 王五, wangwu@gmail.com, 西安, 2019-12-28T00:41:44, 2019-12-28T00:41:45, 0), NovaUserPojo (4, 赵六, zhaoliu@163.com, 深圳, null, null, 0), NovaUserPojo (5, Allen, Allen@163.com, 珠海, null, 2022-07-31T20:55:09, 0), NovaUserPojo (6, AAA, AAA@163.com, contryA, 2022-07-06T21:18:19, 2022-08-01T02:57:54, 0), NovaUserPojo (7, BBB, BBB@163.com, contryB, 2022-07-06T21:18:19, 2022-08-01T02:57:55, 0), NovaUserPojo (9, 成龙, chenglong@163.com, 澳门, 2022-07-07T18:39:57, 2022-07-07T18:44:19, 0)]
]]></system-out>
  <system-err><![CDATA[Loading class `com.mysql.jdbc.Driver'. This is deprecated. The new driver class is `com.mysql.cj.jdbc.Driver'. The driver is automatically registered via the SPI and manual loading of the driver class is generally unnecessary.
]]></system-err>
</testsuite>
