<?xml version="1.0" encoding="UTF-8"?>
<testsuite name="com.nova.novademo.service.BaseServiceImpTest" tests="10" skipped="0" failures="0" errors="0" timestamp="2022-07-09T13:03:39" hostname="DESKTOP-NHBO1EN" time="3.116">
  <properties/>
  <testcase name="delete()" classname="com.nova.novademo.service.BaseServiceImpTest" time="2.841"/>
  <testcase name="listByIds()" classname="com.nova.novademo.service.BaseServiceImpTest" time="0.05"/>
  <testcase name="testSave()" classname="com.nova.novademo.service.BaseServiceImpTest" time="0.007"/>
  <testcase name="update()" classname="com.nova.novademo.service.BaseServiceImpTest" time="0.025"/>
  <testcase name="get()" classname="com.nova.novademo.service.BaseServiceImpTest" time="0.016"/>
  <testcase name="page()" classname="com.nova.novademo.service.BaseServiceImpTest" time="0.07"/>
  <testcase name="save()" classname="com.nova.novademo.service.BaseServiceImpTest" time="0.008"/>
  <testcase name="listAll()" classname="com.nova.novademo.service.BaseServiceImpTest" time="0.033"/>
  <testcase name="testDelete()" classname="com.nova.novademo.service.BaseServiceImpTest" time="0.041"/>
  <testcase name="testUpdate()" classname="com.nova.novademo.service.BaseServiceImpTest" time="0.006"/>
  <system-out><![CDATA[21:03:28.660 [Test worker] DEBUG org.springframework.test.context.BootstrapUtils - Instantiating CacheAwareContextLoaderDelegate from class [org.springframework.test.context.cache.DefaultCacheAwareContextLoaderDelegate]
21:03:28.686 [Test worker] DEBUG org.springframework.test.context.BootstrapUtils - Instantiating BootstrapContext using constructor [public org.springframework.test.context.support.DefaultBootstrapContext(java.lang.Class,org.springframework.test.context.CacheAwareContextLoaderDelegate)]
21:03:28.769 [Test worker] DEBUG org.springframework.test.context.BootstrapUtils - Instantiating TestContextBootstrapper for test class [com.nova.novademo.service.BaseServiceImpTest] from class [org.springframework.boot.test.context.SpringBootTestContextBootstrapper]
21:03:28.795 [Test worker] INFO org.springframework.boot.test.context.SpringBootTestContextBootstrapper - Neither @ContextConfiguration nor @ContextHierarchy found for test class [com.nova.novademo.service.BaseServiceImpTest], using SpringBootContextLoader
21:03:28.802 [Test worker] DEBUG org.springframework.test.context.support.AbstractContextLoader - Did not detect default resource location for test class [com.nova.novademo.service.BaseServiceImpTest]: class path resource [com/nova/novademo/service/BaseServiceImpTest-context.xml] does not exist
21:03:28.802 [Test worker] DEBUG org.springframework.test.context.support.AbstractContextLoader - Did not detect default resource location for test class [com.nova.novademo.service.BaseServiceImpTest]: class path resource [com/nova/novademo/service/BaseServiceImpTestContext.groovy] does not exist
21:03:28.803 [Test worker] INFO org.springframework.test.context.support.AbstractContextLoader - Could not detect default resource locations for test class [com.nova.novademo.service.BaseServiceImpTest]: no resource found for suffixes {-context.xml, Context.groovy}.
21:03:28.804 [Test worker] INFO org.springframework.test.context.support.AnnotationConfigContextLoaderUtils - Could not detect default configuration classes for test class [com.nova.novademo.service.BaseServiceImpTest]: BaseServiceImpTest does not declare any static, non-private, non-final, nested classes annotated with @Configuration.
21:03:28.974 [Test worker] DEBUG org.springframework.test.context.support.ActiveProfilesUtils - Could not find an 'annotation declaring class' for annotation type [org.springframework.test.context.ActiveProfiles] and class [com.nova.novademo.service.BaseServiceImpTest]
21:03:29.144 [Test worker] DEBUG org.springframework.context.annotation.ClassPathScanningCandidateComponentProvider - Identified candidate component class: file [E:\java\NovaDemo\demo\build\classes\kotlin\main\com\nova\novademo\NovaDemoApplication.class]
21:03:29.147 [Test worker] INFO org.springframework.boot.test.context.SpringBootTestContextBootstrapper - Found @SpringBootConfiguration com.nova.novademo.NovaDemoApplication for test class com.nova.novademo.service.BaseServiceImpTest
21:03:29.362 [Test worker] DEBUG org.springframework.boot.test.context.SpringBootTestContextBootstrapper - @TestExecutionListeners is not present for class [com.nova.novademo.service.BaseServiceImpTest]: using defaults.
21:03:29.363 [Test worker] INFO org.springframework.boot.test.context.SpringBootTestContextBootstrapper - Loaded default TestExecutionListener class names from location [META-INF/spring.factories]: [org.springframework.boot.test.autoconfigure.restdocs.RestDocsTestExecutionListener, org.springframework.boot.test.autoconfigure.web.client.MockRestServiceServerResetTestExecutionListener, org.springframework.boot.test.autoconfigure.web.servlet.MockMvcPrintOnlyOnFailureTestExecutionListener, org.springframework.boot.test.autoconfigure.web.servlet.WebDriverTestExecutionListener, org.springframework.boot.test.autoconfigure.webservices.client.MockWebServiceServerTestExecutionListener, org.springframework.boot.test.mock.mockito.MockitoTestExecutionListener, org.springframework.boot.test.mock.mockito.ResetMocksTestExecutionListener, org.springframework.test.context.web.ServletTestExecutionListener, org.springframework.test.context.support.DirtiesContextBeforeModesTestExecutionListener, org.springframework.test.context.event.ApplicationEventsTestExecutionListener, org.springframework.test.context.support.DependencyInjectionTestExecutionListener, org.springframework.test.context.support.DirtiesContextTestExecutionListener, org.springframework.test.context.transaction.TransactionalTestExecutionListener, org.springframework.test.context.jdbc.SqlScriptsTestExecutionListener, org.springframework.test.context.event.EventPublishingTestExecutionListener]
21:03:29.403 [Test worker] INFO org.springframework.boot.test.context.SpringBootTestContextBootstrapper - Using TestExecutionListeners: [org.springframework.test.context.web.ServletTestExecutionListener@30d7de2, org.springframework.test.context.support.DirtiesContextBeforeModesTestExecutionListener@5810912c, org.springframework.test.context.event.ApplicationEventsTestExecutionListener@188e93b2, org.springframework.boot.test.mock.mockito.MockitoTestExecutionListener@66c203a6, org.springframework.boot.test.autoconfigure.SpringBootDependencyInjectionTestExecutionListener@e4890f1, org.springframework.test.context.support.DirtiesContextTestExecutionListener@520de9e5, org.springframework.test.context.transaction.TransactionalTestExecutionListener@3ef2f315, org.springframework.test.context.jdbc.SqlScriptsTestExecutionListener@48db085e, org.springframework.test.context.event.EventPublishingTestExecutionListener@2ded6ac, org.springframework.boot.test.autoconfigure.restdocs.RestDocsTestExecutionListener@3fa145d3, org.springframework.boot.test.autoconfigure.web.client.MockRestServiceServerResetTestExecutionListener@16e26369, org.springframework.boot.test.autoconfigure.web.servlet.MockMvcPrintOnlyOnFailureTestExecutionListener@6eb1013, org.springframework.boot.test.autoconfigure.web.servlet.WebDriverTestExecutionListener@72f4cdd4, org.springframework.boot.test.autoconfigure.webservices.client.MockWebServiceServerTestExecutionListener@47ce9184, org.springframework.boot.test.mock.mockito.ResetMocksTestExecutionListener@42b25b3f]
21:03:29.408 [Test worker] DEBUG org.springframework.test.context.support.AbstractDirtiesContextTestExecutionListener - Before test class: context [DefaultTestContext@68a3853d testClass = BaseServiceImpTest, testInstance = [null], testMethod = [null], testException = [null], mergedContextConfiguration = [WebMergedContextConfiguration@624633f4 testClass = BaseServiceImpTest, locations = '{}', classes = '{class com.nova.novademo.NovaDemoApplication}', contextInitializerClasses = '[]', activeProfiles = '{}', propertySourceLocations = '{}', propertySourceProperties = '{org.springframework.boot.test.context.SpringBootTestContextBootstrapper=true}', contextCustomizers = set[org.springframework.boot.test.autoconfigure.actuate.metrics.MetricsExportContextCustomizerFactory$DisableMetricExportContextCustomizer@122e7eb7, org.springframework.boot.test.autoconfigure.properties.PropertyMappingContextCustomizer@0, org.springframework.boot.test.autoconfigure.web.servlet.WebDriverContextCustomizerFactory$Customizer@6e0bee44, org.springframework.boot.test.context.filter.ExcludeFilterContextCustomizer@3b1f0c83, org.springframework.boot.test.json.DuplicateJsonObjectContextCustomizerFactory$DuplicateJsonObjectContextCustomizer@59895138, org.springframework.boot.test.mock.mockito.MockitoContextCustomizer@0, org.springframework.boot.test.web.client.TestRestTemplateContextCustomizer@33506737, org.springframework.boot.test.context.SpringBootTestArgs@1, org.springframework.boot.test.context.SpringBootTestWebEnvironment@1b3da8c4], resourceBasePath = 'src/main/webapp', contextLoader = 'org.springframework.boot.test.context.SpringBootContextLoader', parent = [null]], attributes = map['org.springframework.test.context.web.ServletTestExecutionListener.activateListener' -> true]], class annotated with @DirtiesContext [false] with mode [null].

  .   ____          _            __ _ _
 /\\ / ___'_ __ _ _(_)_ __  __ _ \ \ \ \
( ( )\___ | '_ | '_| | '_ \/ _` | \ \ \ \
 \\/  ___)| |_)| | | | | || (_| |  ) ) ) )
  '  |____| .__|_| |_|_| |_\__, | / / / /
 =========|_|==============|___/=/_/_/_/
 :: Spring Boot ::                (v2.7.1)

2022-07-09 21:03:30.170  INFO 16128 --- [    Test worker] c.n.novademo.service.BaseServiceImpTest  : Starting BaseServiceImpTest using Java 1.8.0_152 on DESKTOP-NHBO1EN with PID 16128 (started by lzy in E:\java\NovaDemo\demo)
2022-07-09 21:03:30.175  INFO 16128 --- [    Test worker] c.n.novademo.service.BaseServiceImpTest  : No active profile set, falling back to 1 default profile: "default"
2022-07-09 21:03:32.888  INFO 16128 --- [    Test worker] com.zaxxer.hikari.HikariDataSource       : HikariPool-1 - Starting...
2022-07-09 21:03:32.902  WARN 16128 --- [    Test worker] com.zaxxer.hikari.util.DriverDataSource  : Registered driver with driverClassName=com.mysql.jdbc.Driver was not found, trying direct instantiation.
2022-07-09 21:03:34.554  INFO 16128 --- [    Test worker] com.zaxxer.hikari.HikariDataSource       : HikariPool-1 - Start completed.
2022-07-09 21:03:39.519  INFO 16128 --- [    Test worker] c.n.novademo.service.BaseServiceImpTest  : Started BaseServiceImpTest in 10.058 seconds (JVM running for 13.5)
2022-07-09 21:03:41.808  INFO 16128 --- [    Test worker] org.jooq.Constants                       : 
                                      
@@@@@@@@@@@@@@@@@@@@@@@@@@@@@@@@@@@@@@
@@@@@@@@@@@@@@@@@@@@@@@@@@@@@@@@@@@@@@
@@@@@@@@@@@@@@@@  @@        @@@@@@@@@@
@@@@@@@@@@@@@@@@@@@@        @@@@@@@@@@
@@@@@@@@@@@@@@@@  @@  @@    @@@@@@@@@@
@@@@@@@@@@  @@@@  @@  @@    @@@@@@@@@@
@@@@@@@@@@        @@        @@@@@@@@@@
@@@@@@@@@@@@@@@@@@@@@@@@@@@@@@@@@@@@@@
@@@@@@@@@@@@@@@@@@@@@@@@@@@@@@@@@@@@@@
@@@@@@@@@@        @@        @@@@@@@@@@
@@@@@@@@@@    @@  @@  @@@@  @@@@@@@@@@
@@@@@@@@@@    @@  @@  @@@@  @@@@@@@@@@
@@@@@@@@@@        @@  @  @  @@@@@@@@@@
@@@@@@@@@@        @@        @@@@@@@@@@
@@@@@@@@@@@@@@@@@@@@@@@  @@@@@@@@@@@@@
@@@@@@@@@@@@@@@@@@@@@@@@@@@@@@@@@@@@@@
@@@@@@@@@@@@@@@@@@@@@@@@@@@@@@@@@@@@@@  Thank you for using jOOQ 3.14.7
                                      
[NovaUserPojo (1, 张三, zhansan@163.com, 北京, 2019-12-28T00:41:42, 2019-12-28T00:41:42, 0), NovaUserPojo (2, 李四, lisi@gmail.com, 上海, 2019-12-28T00:41:42, 2019-12-28T00:41:42, 0)]
NovaUserPojo (1, 张三, zhansan@163.com, 北京, 2019-12-28T00:41:42, 2019-12-28T00:41:42, 0)
PageResult(data=[NovaUserPojo (9, 成龙, chenglong@163.com, 澳门, 2022-07-07T18:39:57, 2022-07-07T18:44:19, 0)], pageSize=1, currentPage=1, total=6)
[NovaUserPojo (1, 张三, zhansan@163.com, 北京, 2019-12-28T00:41:42, 2019-12-28T00:41:42, 0), NovaUserPojo (2, 李四, lisi@gmail.com, 上海, 2019-12-28T00:41:42, 2019-12-28T00:41:42, 0), NovaUserPojo (3, 王五, wangwu@gmail.com, 西安, 2019-12-28T00:41:44, 2019-12-28T00:41:45, 0), NovaUserPojo (4, 赵六, zhaoliu@163.com, 深圳, null, null, 0), NovaUserPojo (5, Allen, Allen@163.com, 珠海, null, 2022-07-09T21:03:42, 0), NovaUserPojo (9, 成龙, chenglong@163.com, 澳门, 2022-07-07T18:39:57, 2022-07-07T18:44:19, 0)]
]]></system-out>
  <system-err><![CDATA[Loading class `com.mysql.jdbc.Driver'. This is deprecated. The new driver class is `com.mysql.cj.jdbc.Driver'. The driver is automatically registered via the SPI and manual loading of the driver class is generally unnecessary.
]]></system-err>
</testsuite>
